<?xml version="1.0" encoding="UTF-8"?>
<!-- Generated by org.testng.reporters.JUnitXMLReporter -->
<testsuite hostname="FalcoConstantin" name="Default test" tests="3" failures="0" timestamp="9 Oct 2019 17:32:18 GMT" time="31.203" errors="0">
  <testcase name="loginPageTitleTest" time="0.017" classname="tests.LoginPageTest"/>
  <testcase name="crmLogo" time="0.102" classname="tests.LoginPageTest"/>
  <testcase name="loginTest" time="4.689" classname="tests.LoginPageTest"/>
</testsuite> <!-- Default test -->
