<?xml version="1.0" encoding="UTF-8"?>
<testng-results skipped="0" failed="0" total="3" passed="3">
  <reporter-output>
  </reporter-output>
  <suite name="Default suite" duration-ms="31203" started-at="2019-10-09T17:31:47Z" finished-at="2019-10-09T17:32:18Z">
    <groups>
    </groups>
    <test name="Default test" duration-ms="31203" started-at="2019-10-09T17:31:47Z" finished-at="2019-10-09T17:32:18Z">
      <class name="tests.LoginPageTest">
        <test-method status="PASS" signature="setUp()[pri:0, instance:tests.LoginPageTest@4cdbe50f]" name="setUp" is-config="true" duration-ms="9079" started-at="2019-10-09T20:31:47Z" finished-at="2019-10-09T20:31:56Z">
          <reporter-output>
          </reporter-output>
        </test-method> <!-- setUp -->
        <test-method status="PASS" signature="loginPageTitleTest()[pri:1, instance:tests.LoginPageTest@4cdbe50f]" name="loginPageTitleTest" duration-ms="17" started-at="2019-10-09T20:31:56Z" finished-at="2019-10-09T20:31:56Z">
          <reporter-output>
          </reporter-output>
        </test-method> <!-- loginPageTitleTest -->
        <test-method status="PASS" signature="tearDown()[pri:0, instance:tests.LoginPageTest@4cdbe50f]" name="tearDown" is-config="true" duration-ms="634" started-at="2019-10-09T20:31:56Z" finished-at="2019-10-09T20:31:57Z">
          <reporter-output>
          </reporter-output>
        </test-method> <!-- tearDown -->
        <test-method status="PASS" signature="setUp()[pri:0, instance:tests.LoginPageTest@4cdbe50f]" name="setUp" is-config="true" duration-ms="7748" started-at="2019-10-09T20:31:57Z" finished-at="2019-10-09T20:32:04Z">
          <reporter-output>
          </reporter-output>
        </test-method> <!-- setUp -->
        <test-method status="PASS" signature="crmLogo()[pri:2, instance:tests.LoginPageTest@4cdbe50f]" name="crmLogo" duration-ms="102" started-at="2019-10-09T20:32:04Z" finished-at="2019-10-09T20:32:04Z">
          <reporter-output>
          </reporter-output>
        </test-method> <!-- crmLogo -->
        <test-method status="PASS" signature="tearDown()[pri:0, instance:tests.LoginPageTest@4cdbe50f]" name="tearDown" is-config="true" duration-ms="600" started-at="2019-10-09T20:32:04Z" finished-at="2019-10-09T20:32:05Z">
          <reporter-output>
          </reporter-output>
        </test-method> <!-- tearDown -->
        <test-method status="PASS" signature="setUp()[pri:0, instance:tests.LoginPageTest@4cdbe50f]" name="setUp" is-config="true" duration-ms="7689" started-at="2019-10-09T20:32:05Z" finished-at="2019-10-09T20:32:13Z">
          <reporter-output>
          </reporter-output>
        </test-method> <!-- setUp -->
        <test-method status="PASS" signature="loginTest()[pri:3, instance:tests.LoginPageTest@4cdbe50f]" name="loginTest" duration-ms="4689" started-at="2019-10-09T20:32:13Z" finished-at="2019-10-09T20:32:17Z">
          <reporter-output>
          </reporter-output>
        </test-method> <!-- loginTest -->
        <test-method status="PASS" signature="tearDown()[pri:0, instance:tests.LoginPageTest@4cdbe50f]" name="tearDown" is-config="true" duration-ms="623" started-at="2019-10-09T20:32:17Z" finished-at="2019-10-09T20:32:18Z">
          <reporter-output>
          </reporter-output>
        </test-method> <!-- tearDown -->
      </class> <!-- tests.LoginPageTest -->
    </test> <!-- Default test -->
  </suite> <!-- Default suite -->
</testng-results>
