<?xml version="1.0" encoding="UTF-8"?>
<!-- Generated by org.testng.reporters.JUnitXMLReporter -->
<testsuite hostname="FalcoConstantin" name="LinksSmokeTest" tests="1" failures="1" timestamp="1 Oct 2019 16:59:17 GMT" time="8.985" errors="0">
  <testcase name="loginPageTitleTest" time="0.005" classname="tests.LoginPageTest">
    <failure type="java.lang.NullPointerException">
      <![CDATA[java.lang.NullPointerException
	at pages.LoginPage.loginPageTitle(LoginPage.java:39)
	at tests.LoginPageTest.loginPageTitleTest(LoginPageTest.java:28)
... Removed 24 stack frames]]>
    </failure>
  </testcase> <!-- loginPageTitleTest -->
</testsuite> <!-- LinksSmokeTest -->
