<?xml version="1.0" encoding="UTF-8"?>
<!-- Generated by org.testng.reporters.JUnitReportReporter -->
<testsuite hostname="FalcoConstantin" name="tests.LoginPageTest" tests="3" failures="0" timestamp="9 Oct 2019 17:32:18 GMT" time="31.181" errors="0">
  <testcase name="loginTest" time="14.402" classname="tests.LoginPageTest"/>
  <testcase name="crmLogo" time="8.450" classname="tests.LoginPageTest"/>
  <testcase name="loginPageTitleTest" time="8.329" classname="tests.LoginPageTest"/>
</testsuite> <!-- tests.LoginPageTest -->
